23.03.2016 08:35:12
INFO  2016-03-23 09:34:29,720 - Installing bundle...
INFO  2016-03-23 09:34:29,844 - Performing pre-install.
INFO  2016-03-23 09:34:29,939 - Installing context item: Saleslogix Application Entities (\Entity Model\Saleslogix Application Entities\SalesLogix Application Entities.T.package.xml)
INFO  2016-03-23 09:34:29,949 - Successfully installed Saleslogix Application Entities (\Entity Model\Saleslogix Application Entities\SalesLogix Application Entities.T.package.xml)
INFO  2016-03-23 09:34:29,954 - Installing context item: Account (\Entity Model\Saleslogix Application Entities\Account\Account.ACCOUNT.entity.xml)
INFO  2016-03-23 09:34:36,310 - Successfully installed Account (\Entity Model\Saleslogix Application Entities\Account\Account.ACCOUNT.entity.xml)
INFO  2016-03-23 09:34:36,314 - Installing model item: GetNeighborhood (\Entity Model\Saleslogix Application Entities\Account\GetNeighborhood.method.xml)
INFO  2016-03-23 09:34:36,326 - Successfully installed GetNeighborhood (\Entity Model\Saleslogix Application Entities\Account\GetNeighborhood.method.xml)
INFO  2016-03-23 09:34:36,331 - Installing item: GetNeighborhoodStep (\Entity Model\Saleslogix Application Entities\Account\GetNeighborhood.method.xml::Primary Steps::GetNeighborhoodStep)
INFO  2016-03-23 09:34:36,362 - Successfully installed GetNeighborhoodStep (\Entity Model\Saleslogix Application Entities\Account\GetNeighborhood.method.xml::Primary Steps::GetNeighborhoodStep)
INFO  2016-03-23 09:34:36,380 - Installing model item: GetNeightborhoodByFilter (\Entity Model\Saleslogix Application Entities\Account\GetNeightborhoodByFilter.method.xml)
INFO  2016-03-23 09:34:36,389 - Successfully installed GetNeightborhoodByFilter (\Entity Model\Saleslogix Application Entities\Account\GetNeightborhoodByFilter.method.xml)
INFO  2016-03-23 09:34:36,404 - Installing item: GetNeightborhoodByFilterStep (\Entity Model\Saleslogix Application Entities\Account\GetNeightborhoodByFilter.method.xml::Primary Steps::GetNeightborhoodByFilterStep)
INFO  2016-03-23 09:34:36,417 - Successfully installed GetNeightborhoodByFilterStep (\Entity Model\Saleslogix Application Entities\Account\GetNeightborhoodByFilter.method.xml::Primary Steps::GetNeightborhoodByFilterStep)
INFO  2016-03-23 09:34:36,424 - Installing model item: SearchPostalCodes (\Entity Model\Saleslogix Application Entities\Account\SearchPostalCodes.method.xml)
INFO  2016-03-23 09:34:36,447 - Successfully installed SearchPostalCodes (\Entity Model\Saleslogix Application Entities\Account\SearchPostalCodes.method.xml)
INFO  2016-03-23 09:34:36,456 - Installing item: SearchPostalCodesStep (\Entity Model\Saleslogix Application Entities\Account\SearchPostalCodes.method.xml::Primary Steps::SearchPostalCodesStep)
INFO  2016-03-23 09:34:36,482 - Successfully installed SearchPostalCodesStep (\Entity Model\Saleslogix Application Entities\Account\SearchPostalCodes.method.xml::Primary Steps::SearchPostalCodesStep)
INFO  2016-03-23 09:34:36,499 - Installing model item: AccountNeighbours (\Entity Model\Saleslogix Application Entities\Account\QuickForms\AccountNeighbours.main.quickform.xml)
INFO  2016-03-23 09:34:36,734 - Successfully installed AccountNeighbours (\Entity Model\Saleslogix Application Entities\Account\QuickForms\AccountNeighbours.main.quickform.xml)
INFO  2016-03-23 09:34:36,743 - Installing context item: Contact (\Entity Model\Saleslogix Application Entities\Contact\Contact.CONTACT.entity.xml)
INFO  2016-03-23 09:34:37,293 - Successfully installed Contact (\Entity Model\Saleslogix Application Entities\Contact\Contact.CONTACT.entity.xml)
INFO  2016-03-23 09:34:37,303 - Installing model item: GetNeighborhood (\Entity Model\Saleslogix Application Entities\Contact\GetNeighborhood.method.xml)
INFO  2016-03-23 09:34:37,317 - Successfully installed GetNeighborhood (\Entity Model\Saleslogix Application Entities\Contact\GetNeighborhood.method.xml)
INFO  2016-03-23 09:34:37,327 - Installing item: GetNeighborhoodStep (\Entity Model\Saleslogix Application Entities\Contact\GetNeighborhood.method.xml::Primary Steps::GetNeighborhoodStep)
INFO  2016-03-23 09:34:37,340 - Successfully installed GetNeighborhoodStep (\Entity Model\Saleslogix Application Entities\Contact\GetNeighborhood.method.xml::Primary Steps::GetNeighborhoodStep)
INFO  2016-03-23 09:34:37,349 - Installing model item: GetNeighborhoodByFilter (\Entity Model\Saleslogix Application Entities\Contact\GetNeighborhoodByFilter.method.xml)
INFO  2016-03-23 09:34:37,364 - Successfully installed GetNeighborhoodByFilter (\Entity Model\Saleslogix Application Entities\Contact\GetNeighborhoodByFilter.method.xml)
INFO  2016-03-23 09:34:37,374 - Installing item: GetNeighborhoodByFilterStep (\Entity Model\Saleslogix Application Entities\Contact\GetNeighborhoodByFilter.method.xml::Primary Steps::GetNeighborhoodByFilterStep)
INFO  2016-03-23 09:34:37,388 - Successfully installed GetNeighborhoodByFilterStep (\Entity Model\Saleslogix Application Entities\Contact\GetNeighborhoodByFilter.method.xml::Primary Steps::GetNeighborhoodByFilterStep)
INFO  2016-03-23 09:34:37,399 - Installing model item: ContactNeighbours (\Entity Model\Saleslogix Application Entities\Contact\QuickForms\ContactNeighbours.main.quickform.xml)
INFO  2016-03-23 09:34:37,419 - Successfully installed ContactNeighbours (\Entity Model\Saleslogix Application Entities\Contact\QuickForms\ContactNeighbours.main.quickform.xml)
INFO  2016-03-23 09:34:37,430 - Installing context item: Lead (\Entity Model\Saleslogix Application Entities\Lead\Lead.LEAD.entity.xml)
INFO  2016-03-23 09:34:37,743 - Successfully installed Lead (\Entity Model\Saleslogix Application Entities\Lead\Lead.LEAD.entity.xml)
INFO  2016-03-23 09:34:37,754 - Installing model item: GetNeighborhood (\Entity Model\Saleslogix Application Entities\Lead\GetNeighborhood.method.xml)
INFO  2016-03-23 09:34:37,766 - Successfully installed GetNeighborhood (\Entity Model\Saleslogix Application Entities\Lead\GetNeighborhood.method.xml)
INFO  2016-03-23 09:34:37,777 - Installing item: GetNeighborhoodStep (\Entity Model\Saleslogix Application Entities\Lead\GetNeighborhood.method.xml::Primary Steps::GetNeighborhoodStep)
INFO  2016-03-23 09:34:37,801 - Successfully installed GetNeighborhoodStep (\Entity Model\Saleslogix Application Entities\Lead\GetNeighborhood.method.xml::Primary Steps::GetNeighborhoodStep)
INFO  2016-03-23 09:34:37,813 - Installing model item: GetNeighborhoodByFilter (\Entity Model\Saleslogix Application Entities\Lead\GetNeighborhoodByFilter.method.xml)
INFO  2016-03-23 09:34:37,826 - Successfully installed GetNeighborhoodByFilter (\Entity Model\Saleslogix Application Entities\Lead\GetNeighborhoodByFilter.method.xml)
INFO  2016-03-23 09:34:37,837 - Installing item: GetNeighborhoodByFilterStep (\Entity Model\Saleslogix Application Entities\Lead\GetNeighborhoodByFilter.method.xml::Primary Steps::GetNeighborhoodByFilterStep)
INFO  2016-03-23 09:34:37,850 - Successfully installed GetNeighborhoodByFilterStep (\Entity Model\Saleslogix Application Entities\Lead\GetNeighborhoodByFilter.method.xml::Primary Steps::GetNeighborhoodByFilterStep)
INFO  2016-03-23 09:34:37,861 - Installing model item: SearchPostalCodes (\Entity Model\Saleslogix Application Entities\Lead\SearchPostalCodes.method.xml)
INFO  2016-03-23 09:34:37,873 - Successfully installed SearchPostalCodes (\Entity Model\Saleslogix Application Entities\Lead\SearchPostalCodes.method.xml)
INFO  2016-03-23 09:34:37,884 - Installing item: SearchPostalCodesStep (\Entity Model\Saleslogix Application Entities\Lead\SearchPostalCodes.method.xml::Primary Steps::SearchPostalCodesStep)
INFO  2016-03-23 09:34:37,896 - Successfully installed SearchPostalCodesStep (\Entity Model\Saleslogix Application Entities\Lead\SearchPostalCodes.method.xml::Primary Steps::SearchPostalCodesStep)
INFO  2016-03-23 09:34:37,907 - Installing model item: LeadNeighbours (\Entity Model\Saleslogix Application Entities\Lead\QuickForms\LeadNeighbours.main.quickform.xml)
INFO  2016-03-23 09:34:37,930 - Successfully installed LeadNeighbours (\Entity Model\Saleslogix Application Entities\Lead\QuickForms\LeadNeighbours.main.quickform.xml)
INFO  2016-03-23 09:34:37,941 - Installing context item: Saleslogix-Client (\Portal\SlxClient\SlxClient.cabapp.ptl.xml)
INFO  2016-03-23 09:34:38,051 - Successfully installed Saleslogix-Client (\Portal\SlxClient\SlxClient.cabapp.ptl.xml)
INFO  2016-03-23 09:34:38,061 - Installing context item: Account Detail (\Portal\SlxClient\ChildPages\Account\Account.page.xml)
INFO  2016-03-23 09:34:38,072 - Successfully installed Account Detail (\Portal\SlxClient\ChildPages\Account\Account.page.xml)
INFO  2016-03-23 09:34:38,081 - Installing model item: AccountNeighbours (\Portal\SlxClient\ChildPages\Account\SmartParts\AccountNeighbours.smartpart.xml)
INFO  2016-03-23 09:34:38,448 - Successfully installed AccountNeighbours (\Portal\SlxClient\ChildPages\Account\SmartParts\AccountNeighbours.smartpart.xml)
INFO  2016-03-23 09:34:38,459 - Installing context item: Contact Detail (\Portal\SlxClient\ChildPages\Contact\Contact.page.xml)
INFO  2016-03-23 09:34:38,469 - Successfully installed Contact Detail (\Portal\SlxClient\ChildPages\Contact\Contact.page.xml)
INFO  2016-03-23 09:34:38,478 - Installing model item: ContactNeighbours (\Portal\SlxClient\ChildPages\Contact\SmartParts\ContactNeighbours.smartpart.xml)
INFO  2016-03-23 09:34:38,514 - Successfully installed ContactNeighbours (\Portal\SlxClient\ChildPages\Contact\SmartParts\ContactNeighbours.smartpart.xml)
INFO  2016-03-23 09:34:38,524 - Installing context item: Lead Detail (\Portal\SlxClient\ChildPages\Lead\Lead.page.xml)
INFO  2016-03-23 09:34:38,535 - Successfully installed Lead Detail (\Portal\SlxClient\ChildPages\Lead\Lead.page.xml)
INFO  2016-03-23 09:34:38,545 - Installing model item: LeadNeighbours (\Portal\SlxClient\ChildPages\Lead\SmartParts\LeadNeighbours.smartpart.xml)
INFO  2016-03-23 09:34:38,565 - Successfully installed LeadNeighbours (\Portal\SlxClient\ChildPages\Lead\SmartParts\LeadNeighbours.smartpart.xml)
INFO  2016-03-23 09:34:38,578 - Saving context item: Saleslogix Application Entities (\Entity Model\Saleslogix Application Entities\SalesLogix Application Entities.T.package.xml)
INFO  2016-03-23 09:34:38,589 - Successfully saved Saleslogix Application Entities (\Entity Model\Saleslogix Application Entities\SalesLogix Application Entities.T.package.xml)
INFO  2016-03-23 09:34:38,600 - Saving context item: Account (\Entity Model\Saleslogix Application Entities\Account\Account.ACCOUNT.entity.xml)
INFO  2016-03-23 09:34:55,399 - Successfully saved Account (\Entity Model\Saleslogix Application Entities\Account\Account.ACCOUNT.entity.xml)
INFO  2016-03-23 09:34:55,410 - Saving model item: GetNeighborhood (\Entity Model\Saleslogix Application Entities\Account\GetNeighborhood.method.xml)
INFO  2016-03-23 09:34:55,419 - Successfully saved GetNeighborhood (\Entity Model\Saleslogix Application Entities\Account\GetNeighborhood.method.xml)
INFO  2016-03-23 09:34:55,429 - Saving item: GetNeighborhoodStep (\Entity Model\Saleslogix Application Entities\Account\GetNeighborhood.method.xml::Primary Steps::GetNeighborhoodStep)
INFO  2016-03-23 09:34:55,439 - Successfully saved GetNeighborhoodStep (\Entity Model\Saleslogix Application Entities\Account\GetNeighborhood.method.xml::Primary Steps::GetNeighborhoodStep)
INFO  2016-03-23 09:34:55,452 - Saving model item: GetNeightborhoodByFilter (\Entity Model\Saleslogix Application Entities\Account\GetNeightborhoodByFilter.method.xml)
INFO  2016-03-23 09:34:55,463 - Successfully saved GetNeightborhoodByFilter (\Entity Model\Saleslogix Application Entities\Account\GetNeightborhoodByFilter.method.xml)
INFO  2016-03-23 09:34:55,474 - Saving item: GetNeightborhoodByFilterStep (\Entity Model\Saleslogix Application Entities\Account\GetNeightborhoodByFilter.method.xml::Primary Steps::GetNeightborhoodByFilterStep)
INFO  2016-03-23 09:34:55,484 - Successfully saved GetNeightborhoodByFilterStep (\Entity Model\Saleslogix Application Entities\Account\GetNeightborhoodByFilter.method.xml::Primary Steps::GetNeightborhoodByFilterStep)
INFO  2016-03-23 09:34:55,495 - Saving model item: SearchPostalCodes (\Entity Model\Saleslogix Application Entities\Account\SearchPostalCodes.method.xml)
INFO  2016-03-23 09:34:55,505 - Successfully saved SearchPostalCodes (\Entity Model\Saleslogix Application Entities\Account\SearchPostalCodes.method.xml)
INFO  2016-03-23 09:34:55,514 - Saving item: SearchPostalCodesStep (\Entity Model\Saleslogix Application Entities\Account\SearchPostalCodes.method.xml::Primary Steps::SearchPostalCodesStep)
INFO  2016-03-23 09:34:55,524 - Successfully saved SearchPostalCodesStep (\Entity Model\Saleslogix Application Entities\Account\SearchPostalCodes.method.xml::Primary Steps::SearchPostalCodesStep)
INFO  2016-03-23 09:34:55,534 - Saving model item: AccountNeighbours (\Entity Model\Saleslogix Application Entities\Account\QuickForms\AccountNeighbours.main.quickform.xml)
INFO  2016-03-23 09:34:55,544 - Successfully saved AccountNeighbours (\Entity Model\Saleslogix Application Entities\Account\QuickForms\AccountNeighbours.main.quickform.xml)
INFO  2016-03-23 09:34:55,554 - Saving context item: Contact (\Entity Model\Saleslogix Application Entities\Contact\Contact.CONTACT.entity.xml)
INFO  2016-03-23 09:34:56,108 - Successfully saved Contact (\Entity Model\Saleslogix Application Entities\Contact\Contact.CONTACT.entity.xml)
INFO  2016-03-23 09:34:56,120 - Saving model item: GetNeighborhood (\Entity Model\Saleslogix Application Entities\Contact\GetNeighborhood.method.xml)
INFO  2016-03-23 09:34:56,138 - Successfully saved GetNeighborhood (\Entity Model\Saleslogix Application Entities\Contact\GetNeighborhood.method.xml)
INFO  2016-03-23 09:34:56,150 - Saving item: GetNeighborhoodStep (\Entity Model\Saleslogix Application Entities\Contact\GetNeighborhood.method.xml::Primary Steps::GetNeighborhoodStep)
INFO  2016-03-23 09:34:56,160 - Successfully saved GetNeighborhoodStep (\Entity Model\Saleslogix Application Entities\Contact\GetNeighborhood.method.xml::Primary Steps::GetNeighborhoodStep)
INFO  2016-03-23 09:34:56,171 - Saving model item: GetNeighborhoodByFilter (\Entity Model\Saleslogix Application Entities\Contact\GetNeighborhoodByFilter.method.xml)
INFO  2016-03-23 09:34:56,182 - Successfully saved GetNeighborhoodByFilter (\Entity Model\Saleslogix Application Entities\Contact\GetNeighborhoodByFilter.method.xml)
INFO  2016-03-23 09:34:56,193 - Saving item: GetNeighborhoodByFilterStep (\Entity Model\Saleslogix Application Entities\Contact\GetNeighborhoodByFilter.method.xml::Primary Steps::GetNeighborhoodByFilterStep)
INFO  2016-03-23 09:34:56,204 - Successfully saved GetNeighborhoodByFilterStep (\Entity Model\Saleslogix Application Entities\Contact\GetNeighborhoodByFilter.method.xml::Primary Steps::GetNeighborhoodByFilterStep)
INFO  2016-03-23 09:34:56,214 - Saving model item: ContactNeighbours (\Entity Model\Saleslogix Application Entities\Contact\QuickForms\ContactNeighbours.main.quickform.xml)
INFO  2016-03-23 09:34:56,224 - Successfully saved ContactNeighbours (\Entity Model\Saleslogix Application Entities\Contact\QuickForms\ContactNeighbours.main.quickform.xml)
INFO  2016-03-23 09:34:56,235 - Saving context item: Lead (\Entity Model\Saleslogix Application Entities\Lead\Lead.LEAD.entity.xml)
INFO  2016-03-23 09:34:56,921 - Successfully saved Lead (\Entity Model\Saleslogix Application Entities\Lead\Lead.LEAD.entity.xml)
INFO  2016-03-23 09:34:56,932 - Saving model item: GetNeighborhood (\Entity Model\Saleslogix Application Entities\Lead\GetNeighborhood.method.xml)
INFO  2016-03-23 09:34:56,944 - Successfully saved GetNeighborhood (\Entity Model\Saleslogix Application Entities\Lead\GetNeighborhood.method.xml)
INFO  2016-03-23 09:34:56,955 - Saving item: GetNeighborhoodStep (\Entity Model\Saleslogix Application Entities\Lead\GetNeighborhood.method.xml::Primary Steps::GetNeighborhoodStep)
INFO  2016-03-23 09:34:56,964 - Successfully saved GetNeighborhoodStep (\Entity Model\Saleslogix Application Entities\Lead\GetNeighborhood.method.xml::Primary Steps::GetNeighborhoodStep)
INFO  2016-03-23 09:34:56,974 - Saving model item: GetNeighborhoodByFilter (\Entity Model\Saleslogix Application Entities\Lead\GetNeighborhoodByFilter.method.xml)
INFO  2016-03-23 09:34:56,997 - Successfully saved GetNeighborhoodByFilter (\Entity Model\Saleslogix Application Entities\Lead\GetNeighborhoodByFilter.method.xml)
INFO  2016-03-23 09:34:57,008 - Saving item: GetNeighborhoodByFilterStep (\Entity Model\Saleslogix Application Entities\Lead\GetNeighborhoodByFilter.method.xml::Primary Steps::GetNeighborhoodByFilterStep)
INFO  2016-03-23 09:34:57,019 - Successfully saved GetNeighborhoodByFilterStep (\Entity Model\Saleslogix Application Entities\Lead\GetNeighborhoodByFilter.method.xml::Primary Steps::GetNeighborhoodByFilterStep)
INFO  2016-03-23 09:34:57,029 - Saving model item: SearchPostalCodes (\Entity Model\Saleslogix Application Entities\Lead\SearchPostalCodes.method.xml)
INFO  2016-03-23 09:34:57,040 - Successfully saved SearchPostalCodes (\Entity Model\Saleslogix Application Entities\Lead\SearchPostalCodes.method.xml)
INFO  2016-03-23 09:34:57,052 - Saving item: SearchPostalCodesStep (\Entity Model\Saleslogix Application Entities\Lead\SearchPostalCodes.method.xml::Primary Steps::SearchPostalCodesStep)
INFO  2016-03-23 09:34:57,068 - Successfully saved SearchPostalCodesStep (\Entity Model\Saleslogix Application Entities\Lead\SearchPostalCodes.method.xml::Primary Steps::SearchPostalCodesStep)
INFO  2016-03-23 09:34:57,080 - Saving model item: LeadNeighbours (\Entity Model\Saleslogix Application Entities\Lead\QuickForms\LeadNeighbours.main.quickform.xml)
INFO  2016-03-23 09:34:57,090 - Successfully saved LeadNeighbours (\Entity Model\Saleslogix Application Entities\Lead\QuickForms\LeadNeighbours.main.quickform.xml)
INFO  2016-03-23 09:34:57,101 - Saving context item: Saleslogix-Client (\Portal\SlxClient\SlxClient.cabapp.ptl.xml)
INFO  2016-03-23 09:34:57,124 - Successfully saved Saleslogix-Client (\Portal\SlxClient\SlxClient.cabapp.ptl.xml)
INFO  2016-03-23 09:34:57,134 - Saving context item: Account Detail (\Portal\SlxClient\ChildPages\Account\Account.page.xml)
INFO  2016-03-23 09:34:57,145 - Successfully saved Account Detail (\Portal\SlxClient\ChildPages\Account\Account.page.xml)
INFO  2016-03-23 09:34:57,155 - Saving model item: AccountNeighbours (\Portal\SlxClient\ChildPages\Account\SmartParts\AccountNeighbours.smartpart.xml)
INFO  2016-03-23 09:34:57,165 - Successfully saved AccountNeighbours (\Portal\SlxClient\ChildPages\Account\SmartParts\AccountNeighbours.smartpart.xml)
INFO  2016-03-23 09:34:57,177 - Saving context item: Contact Detail (\Portal\SlxClient\ChildPages\Contact\Contact.page.xml)
INFO  2016-03-23 09:34:57,188 - Successfully saved Contact Detail (\Portal\SlxClient\ChildPages\Contact\Contact.page.xml)
INFO  2016-03-23 09:34:57,198 - Saving model item: ContactNeighbours (\Portal\SlxClient\ChildPages\Contact\SmartParts\ContactNeighbours.smartpart.xml)
INFO  2016-03-23 09:34:57,209 - Successfully saved ContactNeighbours (\Portal\SlxClient\ChildPages\Contact\SmartParts\ContactNeighbours.smartpart.xml)
INFO  2016-03-23 09:34:57,231 - Saving context item: Lead Detail (\Portal\SlxClient\ChildPages\Lead\Lead.page.xml)
INFO  2016-03-23 09:34:57,243 - Successfully saved Lead Detail (\Portal\SlxClient\ChildPages\Lead\Lead.page.xml)
INFO  2016-03-23 09:34:57,254 - Saving model item: LeadNeighbours (\Portal\SlxClient\ChildPages\Lead\SmartParts\LeadNeighbours.smartpart.xml)
INFO  2016-03-23 09:34:57,265 - Successfully saved LeadNeighbours (\Portal\SlxClient\ChildPages\Lead\SmartParts\LeadNeighbours.smartpart.xml)
INFO  2016-03-23 09:34:57,278 - Configuring installed items.
INFO  2016-03-23 09:34:57,290 - Configuring Saleslogix-Client...
INFO  2016-03-23 09:34:57,305 - Configuring Account Detail...
INFO  2016-03-23 09:35:10,844 - Configuring AccountNeighbours...
INFO  2016-03-23 09:35:10,856 - Configuring Contact Detail...
INFO  2016-03-23 09:35:10,867 - Configuring ContactNeighbours...
INFO  2016-03-23 09:35:10,881 - Configuring Lead Detail...
INFO  2016-03-23 09:35:10,894 - Configuring LeadNeighbours...
INFO  2016-03-23 09:35:10,906 - Performing pre-commit to target project.
INFO  2016-03-23 09:35:11,451 - Committing items to target project...
INFO  2016-03-23 09:35:11,591 - Committing transactions...
INFO  2016-03-23 09:35:12,384 - Copying bundle manifest to project.
INFO  2016-03-23 09:35:12,507 - Install complete.
